<?xml version="1.0" encoding="UTF-8"?>
  <testsuites tests="1" disabled="0" errors="0" failures="0" time="0.02616644">
      <testsuite name="EndToEndTests Suite" package="/home/vrutkovs/src/github.com/VictoriaMetrics/end-to-end-tests/tests" tests="1" disabled="0" skipped="0" errors="0" failures="0" time="0.02616644" timestamp="2025-11-20T13:03:53">
          <properties>
              <property name="SuiteSucceeded" value="true"></property>
              <property name="SuiteHasProgrammaticFocus" value="false"></property>
              <property name="SpecialSuiteFailureReason" value=""></property>
              <property name="SuiteLabels" value="[]"></property>
              <property name="SuiteSemVerConstraints" value="[]"></property>
              <property name="RandomSeed" value="1763640230"></property>
              <property name="RandomizeAllSpecs" value="false"></property>
              <property name="LabelFilter" value=""></property>
              <property name="SemVerFilter" value=""></property>
              <property name="FocusStrings" value=""></property>
              <property name="SkipStrings" value=""></property>
              <property name="FocusFiles" value=""></property>
              <property name="SkipFiles" value=""></property>
              <property name="FailOnPending" value="false"></property>
              <property name="FailOnEmpty" value="false"></property>
              <property name="FailFast" value="false"></property>
              <property name="FlakeAttempts" value="0"></property>
              <property name="DryRun" value="false"></property>
              <property name="ParallelTotal" value="1"></property>
              <property name="OutputInterceptorMode" value=""></property>
          </properties>
          <testcase name="[It] Smoke test k8s-stack should handle select request [smoke, id=37076a52-94ca-4de1-b1c8-029f8ce56bb7]" classname="EndToEndTests Suite" status="passed" time="0.026105814">
              <system-err>&gt; Enter [It] should handle select request - /home/vrutkovs/src/github.com/VictoriaMetrics/end-to-end-tests/tests/smoke_test.go:31 @ 11/20/25 13:03:53.216&#xA;&lt; Exit [It] should handle select request - /home/vrutkovs/src/github.com/VictoriaMetrics/end-to-end-tests/tests/smoke_test.go:31 @ 11/20/25 13:03:53.242 (26ms)&#xA;</system-err>
          </testcase>
      </testsuite>
  </testsuites>