<?xml version="1.0" encoding="UTF-8"?>
  <testsuites tests="1" disabled="0" errors="0" failures="1" time="0.048208765">
      <testsuite name="EndToEndTests Suite" package="/home/vrutkovs/src/github.com/VictoriaMetrics/end-to-end-tests/tests" tests="1" disabled="0" skipped="0" errors="0" failures="1" time="0.048208765" timestamp="2025-11-20T12:56:20">
          <properties>
              <property name="SuiteSucceeded" value="false"></property>
              <property name="SuiteHasProgrammaticFocus" value="false"></property>
              <property name="SpecialSuiteFailureReason" value=""></property>
              <property name="SuiteLabels" value="[]"></property>
              <property name="SuiteSemVerConstraints" value="[]"></property>
              <property name="RandomSeed" value="1763639753"></property>
              <property name="RandomizeAllSpecs" value="false"></property>
              <property name="LabelFilter" value=""></property>
              <property name="SemVerFilter" value=""></property>
              <property name="FocusStrings" value=""></property>
              <property name="SkipStrings" value=""></property>
              <property name="FocusFiles" value=""></property>
              <property name="SkipFiles" value=""></property>
              <property name="FailOnPending" value="false"></property>
              <property name="FailOnEmpty" value="false"></property>
              <property name="FailFast" value="false"></property>
              <property name="FlakeAttempts" value="0"></property>
              <property name="DryRun" value="false"></property>
              <property name="ParallelTotal" value="1"></property>
              <property name="OutputInterceptorMode" value=""></property>
          </properties>
          <testcase name="[It] Smoke test k8s-stack should handle select request [smoke, id=37076a52-94ca-4de1-b1c8-029f8ce56bb7]" classname="EndToEndTests Suite" status="failed" time="0.047854974">
              <failure message="Expected&#xA;    &lt;int&gt;: 422&#xA;to equal&#xA;    &lt;int&gt;: 200" type="failed">[FAILED] Expected&#xA;    &lt;int&gt;: 422&#xA;to equal&#xA;    &lt;int&gt;: 200&#xA;In [It] at: /home/vrutkovs/src/github.com/VictoriaMetrics/end-to-end-tests/tests/smoke_test.go:40 @ 11/20/25 12:56:20.519&#xA;</failure>
              <system-err>&gt; Enter [It] should handle select request - /home/vrutkovs/src/github.com/VictoriaMetrics/end-to-end-tests/tests/smoke_test.go:30 @ 11/20/25 12:56:20.472&#xA;[FAILED] Expected&#xA;    &lt;int&gt;: 422&#xA;to equal&#xA;    &lt;int&gt;: 200&#xA;In [It] at: /home/vrutkovs/src/github.com/VictoriaMetrics/end-to-end-tests/tests/smoke_test.go:40 @ 11/20/25 12:56:20.519&#xA;&lt; Exit [It] should handle select request - /home/vrutkovs/src/github.com/VictoriaMetrics/end-to-end-tests/tests/smoke_test.go:30 @ 11/20/25 12:56:20.519 (48ms)&#xA;</system-err>
          </testcase>
      </testsuite>
  </testsuites>